<?xml version="1.0" encoding="UTF-8" ?>
<testsuite tests="16" failures="2" name="TestRunner" time="27.219" errors="1" skipped="3">
  <properties>
[...]
</properties>
  <testcase classname="Scenario: Check there is at least one listing in the TradeMe UsedCars category" name="Given I am on the TradeMe SandBox WebPage" time="0.005"/>
  <testcase classname="Scenario: Check there is at least one listing in the TradeMe UsedCars category" name="When I navigate to &quot;Motors&quot; category" time="0"/>
  <testcase classname="Scenario: Check there is at least one listing in the TradeMe UsedCars category" name="And I select &quot;Used cars&quot; from the options" time="0"/>
  <testcase classname="Scenario: Check there is at least one listing in the TradeMe UsedCars category" name="Then I should be able to see atleast one listing in that category" time="0"/>
  <testcase classname="Scenario: Check there is at least one listing in the TradeMe UsedCars category" name="Scenario: Check there is at least one listing in the TradeMe UsedCars category" time="1.277"/>
  <testcase classname="Scenario: Check that the make ‘Kia’ exists" name="Scenario: Check that the make ‘Kia’ exists" time="6.484">
    <error message="element not interactable
  (Session info: chrome=84.0.4147.125)
Build info: version: &apos;3.7.0&apos;, revision: &apos;2321c73&apos;, time: &apos;2017-11-02T22:22:35.584Z&apos;
System info: host: &apos;AUSMEL280550L&apos;, ip: &apos;192.168.1.46&apos;, os.name: &apos;Windows 10&apos;, os.arch: &apos;amd64&apos;, os.version: &apos;10.0&apos;, java.version: &apos;11.0.7&apos;
Driver info: org.openqa.selenium.chrome.ChromeDriver
Capabilities {acceptInsecureCerts: false, browserName: chrome, browserVersion: 84.0.4147.125, chrome: {chromedriverVersion: 84.0.4147.30 (48b3e868b4cc0..., userDataDir: C:\Users\DEVARS~1.CHA\AppDa...}, goog:chromeOptions: {debuggerAddress: localhost:51150}, javascriptEnabled: true, networkConnectionEnabled: false, pageLoadStrategy: normal, platform: WINDOWS, platformName: WINDOWS, proxy: Proxy(), setWindowRect: true, strictFileInteractability: false, timeouts: {implicit: 0, pageLoad: 300000, script: 30000}, unhandledPromptBehavior: dismiss and notify, webauthn:virtualAuthenticators: true}
Session ID: eddd896453654fc76d457beab387b4e5" type="org.openqa.selenium.ElementNotInteractableException">org.openqa.selenium.ElementNotInteractableException: element not interactable
  (Session info: chrome=84.0.4147.125)
Build info: version: &apos;3.7.0&apos;, revision: &apos;2321c73&apos;, time: &apos;2017-11-02T22:22:35.584Z&apos;
System info: host: &apos;AUSMEL280550L&apos;, ip: &apos;192.168.1.46&apos;, os.name: &apos;Windows 10&apos;, os.arch: &apos;amd64&apos;, os.version: &apos;10.0&apos;, java.version: &apos;11.0.7&apos;
Driver info: org.openqa.selenium.chrome.ChromeDriver
Capabilities {acceptInsecureCerts: false, browserName: chrome, browserVersion: 84.0.4147.125, chrome: {chromedriverVersion: 84.0.4147.30 (48b3e868b4cc0..., userDataDir: C:\Users\DEVARS~1.CHA\AppDa...}, goog:chromeOptions: {debuggerAddress: localhost:51150}, javascriptEnabled: true, networkConnectionEnabled: false, pageLoadStrategy: normal, platform: WINDOWS, platformName: WINDOWS, proxy: Proxy(), setWindowRect: true, strictFileInteractability: false, timeouts: {implicit: 0, pageLoad: 300000, script: 30000}, unhandledPromptBehavior: dismiss and notify, webauthn:virtualAuthenticators: true}
Session ID: eddd896453654fc76d457beab387b4e5
	at java.base/jdk.internal.reflect.NativeConstructorAccessorImpl.newInstance0(Native Method)
	at java.base/jdk.internal.reflect.NativeConstructorAccessorImpl.newInstance(NativeConstructorAccessorImpl.java:62)
	at java.base/jdk.internal.reflect.DelegatingConstructorAccessorImpl.newInstance(DelegatingConstructorAccessorImpl.java:45)
	at java.base/java.lang.reflect.Constructor.newInstance(Constructor.java:490)
	at org.openqa.selenium.remote.http.W3CHttpResponseCodec.createException(W3CHttpResponseCodec.java:187)
	at org.openqa.selenium.remote.http.W3CHttpResponseCodec.decode(W3CHttpResponseCodec.java:122)
	at org.openqa.selenium.remote.http.W3CHttpResponseCodec.decode(W3CHttpResponseCodec.java:49)
	at org.openqa.selenium.remote.HttpCommandExecutor.execute(HttpCommandExecutor.java:164)
	at org.openqa.selenium.remote.service.DriverCommandExecutor.execute(DriverCommandExecutor.java:83)
	at org.openqa.selenium.remote.RemoteWebDriver.execute(RemoteWebDriver.java:600)
	at org.openqa.selenium.remote.RemoteWebElement.execute(RemoteWebElement.java:279)
	at org.openqa.selenium.remote.RemoteWebElement.sendKeys(RemoteWebElement.java:100)
	at managers.WebDriverManager.createLocalDriver(WebDriverManager.java:59)
	at managers.WebDriverManager.createDriver(WebDriverManager.java:34)
	at managers.WebDriverManager.getDriver(WebDriverManager.java:27)
	at cucumber.TestContext.&lt;init&gt;(TestContext.java:12)
	at java.base/jdk.internal.reflect.NativeConstructorAccessorImpl.newInstance0(Native Method)
	at java.base/jdk.internal.reflect.NativeConstructorAccessorImpl.newInstance(NativeConstructorAccessorImpl.java:62)
	at java.base/jdk.internal.reflect.DelegatingConstructorAccessorImpl.newInstance(DelegatingConstructorAccessorImpl.java:45)
	at java.base/java.lang.reflect.Constructor.newInstance(Constructor.java:490)
	at org.picocontainer.injectors.AbstractInjector.newInstance(AbstractInjector.java:145)
	at org.picocontainer.injectors.ConstructorInjector$1.run(ConstructorInjector.java:342)
	at org.picocontainer.injectors.AbstractInjector$ThreadLocalCyclicDependencyGuard.observe(AbstractInjector.java:270)
	at org.picocontainer.injectors.ConstructorInjector.getComponentInstance(ConstructorInjector.java:364)
	at org.picocontainer.injectors.AbstractInjectionFactory$LifecycleAdapter.getComponentInstance(AbstractInjectionFactory.java:56)
	at org.picocontainer.behaviors.AbstractBehavior.getComponentInstance(AbstractBehavior.java:64)
	at org.picocontainer.behaviors.Stored.getComponentInstance(Stored.java:91)
	at org.picocontainer.DefaultPicoContainer.getInstance(DefaultPicoContainer.java:699)
	at org.picocontainer.DefaultPicoContainer.getComponent(DefaultPicoContainer.java:647)
	at org.picocontainer.DefaultPicoContainer.getComponent(DefaultPicoContainer.java:632)
	at org.picocontainer.parameters.BasicComponentParameter$1.resolveInstance(BasicComponentParameter.java:118)
	at org.picocontainer.parameters.ComponentParameter$1.resolveInstance(ComponentParameter.java:136)
	at org.picocontainer.injectors.SingleMemberInjector.getParameter(SingleMemberInjector.java:78)
	at org.picocontainer.injectors.ConstructorInjector$CtorAndAdapters.getParameterArguments(ConstructorInjector.java:309)
	at org.picocontainer.injectors.ConstructorInjector$1.run(ConstructorInjector.java:335)
	at org.picocontainer.injectors.AbstractInjector$ThreadLocalCyclicDependencyGuard.observe(AbstractInjector.java:270)
	at org.picocontainer.injectors.ConstructorInjector.getComponentInstance(ConstructorInjector.java:364)
	at org.picocontainer.injectors.AbstractInjectionFactory$LifecycleAdapter.getComponentInstance(AbstractInjectionFactory.java:56)
	at org.picocontainer.behaviors.AbstractBehavior.getComponentInstance(AbstractBehavior.java:64)
	at org.picocontainer.behaviors.Stored.getComponentInstance(Stored.java:91)
	at org.picocontainer.DefaultPicoContainer.getInstance(DefaultPicoContainer.java:699)
	at org.picocontainer.DefaultPicoContainer.getComponent(DefaultPicoContainer.java:647)
	at org.picocontainer.DefaultPicoContainer.getComponent(DefaultPicoContainer.java:678)
	at cucumber.runtime.java.picocontainer.PicoFactory.getInstance(PicoFactory.java:40)
	at cucumber.runtime.java.JavaHookDefinition.execute(JavaHookDefinition.java:60)
	at cucumber.runtime.Runtime.runHookIfTagsMatch(Runtime.java:224)
	at cucumber.runtime.Runtime.runHooks(Runtime.java:212)
	at cucumber.runtime.Runtime.runBeforeHooks(Runtime.java:202)
	at cucumber.runtime.model.CucumberScenario.run(CucumberScenario.java:40)
	at cucumber.runtime.junit.ExecutionUnitRunner.run(ExecutionUnitRunner.java:102)
	at cucumber.runtime.junit.FeatureRunner.runChild(FeatureRunner.java:63)
	at cucumber.runtime.junit.FeatureRunner.runChild(FeatureRunner.java:18)
	at org.junit.runners.ParentRunner$3.run(ParentRunner.java:290)
	at org.junit.runners.ParentRunner$1.schedule(ParentRunner.java:71)
	at org.junit.runners.ParentRunner.runChildren(ParentRunner.java:288)
	at org.junit.runners.ParentRunner.access$000(ParentRunner.java:58)
	at org.junit.runners.ParentRunner$2.evaluate(ParentRunner.java:268)
	at org.junit.runners.ParentRunner.run(ParentRunner.java:363)
	at cucumber.runtime.junit.FeatureRunner.run(FeatureRunner.java:70)
	at cucumber.api.junit.Cucumber.runChild(Cucumber.java:95)
	at cucumber.api.junit.Cucumber.runChild(Cucumber.java:38)
	at org.junit.runners.ParentRunner$3.run(ParentRunner.java:290)
	at org.junit.runners.ParentRunner$1.schedule(ParentRunner.java:71)
	at org.junit.runners.ParentRunner.runChildren(ParentRunner.java:288)
	at org.junit.runners.ParentRunner.access$000(ParentRunner.java:58)
	at org.junit.runners.ParentRunner$2.evaluate(ParentRunner.java:268)
	at org.junit.internal.runners.statements.RunAfters.evaluate(RunAfters.java:27)
	at org.junit.runners.ParentRunner.run(ParentRunner.java:363)
	at cucumber.api.junit.Cucumber.run(Cucumber.java:100)
	at org.apache.maven.surefire.junit4.JUnit4Provider.execute(JUnit4Provider.java:252)
	at org.apache.maven.surefire.junit4.JUnit4Provider.executeTestSet(JUnit4Provider.java:141)
	at org.apache.maven.surefire.junit4.JUnit4Provider.invoke(JUnit4Provider.java:112)
	at java.base/jdk.internal.reflect.NativeMethodAccessorImpl.invoke0(Native Method)
	at java.base/jdk.internal.reflect.NativeMethodAccessorImpl.invoke(NativeMethodAccessorImpl.java:62)
	at java.base/jdk.internal.reflect.DelegatingMethodAccessorImpl.invoke(DelegatingMethodAccessorImpl.java:43)
	at java.base/java.lang.reflect.Method.invoke(Method.java:566)
	at org.apache.maven.surefire.util.ReflectionUtils.invokeMethodWithArray(ReflectionUtils.java:189)
	at org.apache.maven.surefire.booter.ProviderFactory$ProviderProxy.invoke(ProviderFactory.java:165)
	at org.apache.maven.surefire.booter.ProviderFactory.invokeProvider(ProviderFactory.java:85)
	at org.apache.maven.surefire.booter.ForkedBooter.runSuitesInProcess(ForkedBooter.java:115)
	at org.apache.maven.surefire.booter.ForkedBooter.main(ForkedBooter.java:75)
</error>
    <system-err>Starting ChromeDriver 84.0.4147.30 (48b3e868b4cc0aa7e8149519690b6f6949e110a8-refs/branch-heads/4147@{#310}) on port 26395
Only local connections are allowed.
Please see https://chromedriver.chromium.org/security-considerations for suggestions on keeping ChromeDriver safe.
ChromeDriver was started successfully.
Aug 28, 2020 2:19:21 AM org.openqa.selenium.remote.ProtocolHandshake createSession
INFO: Detected dialect: W3C
</system-err>
  </testcase>
  <testcase classname="Scenario: Check that the make ‘Kia’ exists" name="Given I am on the TradeMe SandBox WebPage" time="6.484">
    <skipped/>
  </testcase>
  <testcase classname="Scenario: Check that the make ‘Kia’ exists" name="When I search for &quot;Kia&quot; cars" time="6.484">
    <skipped/>
  </testcase>
  <testcase classname="Scenario: Check that the make ‘Kia’ exists" name="Then I should only see cars related to my search option" time="6.484">
    <skipped/>
  </testcase>
  <testcase classname="Scenario: Confirm all the details are displayed of selected used car" name="Given I am on the TradeMe SandBox WebPage" time="0"/>
  <testcase classname="Scenario: Confirm all the details are displayed of selected used car" name="And I navigate to &quot;Motors&quot; category" time="0"/>
  <testcase classname="Scenario: Confirm all the details are displayed of selected used car" name="When I search for &quot;2011 Volkswagen Golf&quot; car on Motors page" time="0"/>
  <testcase classname="Scenario: Confirm all the details are displayed of selected used car" name="Then I should be able to see atleast one listing in that category" time="0"/>
  <testcase classname="Scenario: Confirm all the details are displayed of selected used car" name="When I select the available car" time="0"/>
  <testcase classname="Scenario: Confirm all the details are displayed of selected used car" name="Then I should be able to see the following details" time="0">
    <failure message="[Seats, Model detail] : not displayed 
 validateDetailsDisplayed --- All required specs are not displayed" type="java.lang.AssertionError">java.lang.AssertionError: [Seats, Model detail] : not displayed 
 validateDetailsDisplayed --- All required specs are not displayed
	at org.junit.Assert.fail(Assert.java:88)
	at pages.DetailedListingPage.validateDetailsDisplayed(DetailedListingPage.java:83)
	at steps.TradeMeHomePageSteps.i_should_be_able_to_see_the_following_details(TradeMeHomePageSteps.java:71)
	at ✽.Then I should be able to see the following details(TradeMeSandBox.feature:22)
</failure>
    <system-out>[Number plate, Kilometres, Body, Fuel type, Engine size, Transmission, History, Registration expires, WoF expires, Stereo description]
[Number plate, Kilometres, Body, Seats, Fuel type, Engine size, Transmission, History, Registration expires, WoF expires, Model detail]
</system-out>
  </testcase>
  <testcase classname="Scenario: Confirm all the details are displayed of selected used car" name="Scenario: Confirm all the details are displayed of selected used car" time="0.001">
    <failure message="[Seats, Model detail] : not displayed 
 validateDetailsDisplayed --- All required specs are not displayed" type="java.lang.AssertionError">java.lang.AssertionError: [Seats, Model detail] : not displayed 
 validateDetailsDisplayed --- All required specs are not displayed
	at org.junit.Assert.fail(Assert.java:88)
	at pages.DetailedListingPage.validateDetailsDisplayed(DetailedListingPage.java:83)
	at steps.TradeMeHomePageSteps.i_should_be_able_to_see_the_following_details(TradeMeHomePageSteps.java:71)
	at ✽.Then I should be able to see the following details(TradeMeSandBox.feature:22)
</failure>
  </testcase>
</testsuite>